<?xml version="1.0" encoding="UTF-8"?>
<!-- Generated by org.testng.reporters.JUnitXMLReporter -->
<testsuite ignored="0" hostname="WIN-BS84AENBSGC" failures="0" tests="14" name="Test1" time="68.184" errors="0" timestamp="2022-03-31T15:06:22 IST">
  <testcase classname="liveProject.Activity1" name="validateTitleTest" time="0.011"/>
  <testcase classname="liveProject.Activity2" name="validateHeaderTest" time="0.052"/>
  <testcase classname="liveProject.Activity3" name="validateFirstCopywriteTest" time="0.032"/>
  <testcase classname="liveProject.Activity4" name="validateHomePageTest" time="1.904"/>
  <testcase classname="liveProject.Activity5" name="validateHomePageTest" time="1.732"/>
  <testcase classname="liveProject.Activity5" name="validateToolBarColorTest" time="0.042"/>
  <testcase classname="liveProject.Activity6" name="validateHomePageTest" time="1.843"/>
  <testcase classname="liveProject.Activity6" name="clickActivitiesLinkTest" time="0.066"/>
  <testcase classname="liveProject.Activity7" name="validateHomePageTest" time="1.747"/>
  <testcase classname="liveProject.Activity7" name="getPhoneNumberTest" time="3.025"/>
  <testcase classname="liveProject.Activity8" name="validateHomePageTest" time="2.065"/>
  <testcase classname="liveProject.Activity8" name="printFirstFiveNamesTest" time="2.67"/>
  <testcase classname="liveProject.Activity9" name="validateHomePageTest" time="1.67"/>
  <testcase classname="liveProject.Activity9" name="printTableNamesAndUserTest" time="2.463"/>
</testsuite> <!-- Test1 -->
